2020-12-09 18:43:14,200  INFO [main] TestRunner:29 - ------------Start for Test------------------------------------------
2020-12-09 18:43:14,384  INFO [main] Utils:25 - Property value is 'https://jsonplaceholder.typicode.com' for 'baseurl'
2020-12-09 18:43:14,385  INFO [main] Utils:25 - Property value is '/posts' for 'post'
2020-12-09 18:43:14,386  INFO [main] SocialNetworkingStepDef:26 - API URL is : 'https://jsonplaceholder.typicode.com/posts'
2020-12-09 18:43:16,222  INFO [main] SocialNetworkingStepDef:39 - Sent Request for API
2020-12-09 18:43:16,224  INFO [main] RequestResponseSpec:38 - Successfully received status code from API
2020-12-09 18:43:16,224  INFO [main] SocialNetworkingStepDef:46 - The API returned : '200'
2020-12-09 18:43:16,263  INFO [main] SocialNetworkingStepDef:55 - Response received as expected
2020-12-09 18:43:16,265  INFO [main] SocialNetworkingStepDef:72 - Keys are present in response
2020-12-09 18:43:16,267  INFO [main] Utils:25 - Property value is 'https://jsonplaceholder.typicode.com' for 'baseurl'
2020-12-09 18:43:16,267  INFO [main] Utils:25 - Property value is '/posts' for 'post'
2020-12-09 18:43:16,267  INFO [main] SocialNetworkingStepDef:26 - API URL is : 'https://jsonplaceholder.typicode.com/posts'
2020-12-09 18:43:16,720  INFO [main] SocialNetworkingStepDef:39 - Sent Request for API
2020-12-09 18:43:16,722  INFO [main] RequestResponseSpec:38 - Successfully received status code from API
2020-12-09 18:43:16,722  INFO [main] SocialNetworkingStepDef:46 - The API returned : '200'
2020-12-09 18:43:16,723  INFO [main] SocialNetworkingStepDef:55 - Response received as expected
2020-12-09 18:43:16,724  INFO [main] SocialNetworkingStepDef:72 - Keys are present in response
2020-12-09 18:43:16,727  INFO [main] Utils:25 - Property value is 'https://jsonplaceholder.typicode.com' for 'baseurl'
2020-12-09 18:43:16,727  INFO [main] Utils:25 - Property value is '/comments' for 'comments'
2020-12-09 18:43:16,727  INFO [main] SocialNetworkingStepDef:26 - API URL is : 'https://jsonplaceholder.typicode.com/comments'
2020-12-09 18:43:17,130  INFO [main] SocialNetworkingStepDef:39 - Sent Request for API
2020-12-09 18:43:17,131  INFO [main] RequestResponseSpec:38 - Successfully received status code from API
2020-12-09 18:43:17,131  INFO [main] SocialNetworkingStepDef:46 - The API returned : '200'
2020-12-09 18:43:17,132  INFO [main] SocialNetworkingStepDef:55 - Response received as expected
2020-12-09 18:43:17,133  INFO [main] SocialNetworkingStepDef:72 - Keys are present in response
2020-12-09 18:43:17,135  INFO [main] Utils:25 - Property value is 'https://jsonplaceholder.typicode.com' for 'baseurl'
2020-12-09 18:43:17,136  INFO [main] Utils:25 - Property value is '/comments' for 'comments'
2020-12-09 18:43:17,136  INFO [main] SocialNetworkingStepDef:26 - API URL is : 'https://jsonplaceholder.typicode.com/comments'
2020-12-09 18:43:17,580  INFO [main] SocialNetworkingStepDef:39 - Sent Request for API
2020-12-09 18:43:17,582  INFO [main] RequestResponseSpec:38 - Successfully received status code from API
2020-12-09 18:43:17,582  INFO [main] SocialNetworkingStepDef:46 - The API returned : '200'
2020-12-09 18:43:17,584  INFO [main] SocialNetworkingStepDef:55 - Response received as expected
2020-12-09 18:43:17,585  INFO [main] SocialNetworkingStepDef:72 - Keys are present in response
2020-12-09 18:43:17,588  INFO [main] Utils:25 - Property value is 'https://jsonplaceholder.typicode.com' for 'baseurl'
2020-12-09 18:43:17,588  INFO [main] Utils:25 - Property value is '/users' for 'users'
2020-12-09 18:43:17,588  INFO [main] SocialNetworkingStepDef:26 - API URL is : 'https://jsonplaceholder.typicode.com/users'
2020-12-09 18:43:18,011  INFO [main] SocialNetworkingStepDef:39 - Sent Request for API
2020-12-09 18:43:18,014  INFO [main] RequestResponseSpec:38 - Successfully received status code from API
2020-12-09 18:43:18,015  INFO [main] SocialNetworkingStepDef:46 - The API returned : '200'
2020-12-09 18:43:18,018  INFO [main] SocialNetworkingStepDef:55 - Response received as expected
2020-12-09 18:43:18,021  INFO [main] SocialNetworkingStepDef:72 - Keys are present in response
2020-12-09 18:43:18,026  INFO [main] Utils:25 - Property value is 'https://jsonplaceholder.typicode.com' for 'baseurl'
2020-12-09 18:43:18,027  INFO [main] Utils:25 - Property value is '/users' for 'users'
2020-12-09 18:43:18,027  INFO [main] SocialNetworkingStepDef:26 - API URL is : 'https://jsonplaceholder.typicode.com/users'
2020-12-09 18:43:18,461  INFO [main] SocialNetworkingStepDef:39 - Sent Request for API
2020-12-09 18:43:18,462  INFO [main] RequestResponseSpec:38 - Successfully received status code from API
2020-12-09 18:43:18,462  INFO [main] SocialNetworkingStepDef:46 - The API returned : '200'
2020-12-09 18:43:18,463  INFO [main] SocialNetworkingStepDef:55 - Response received as expected
2020-12-09 18:43:18,463  INFO [main] SocialNetworkingStepDef:72 - Keys are present in response
2020-12-09 18:43:18,464  INFO [main] TestRunner:34 - -------------End of Test---------------------------------------------
