2020-12-10 10:03:22,366  INFO [main] TestRunner:29 - ------------Start of Test------------------------------------------
2020-12-10 10:03:22,650  INFO [main] Utils:25 - Property value is 'https://jsonplaceholder.typicode.com' for 'baseurl'
2020-12-10 10:03:22,650  INFO [main] Utils:25 - Property value is '/posts' for 'post'
2020-12-10 10:03:22,650  INFO [main] SocialNetworkingStepDef:26 - API URL is : 'https://jsonplaceholder.typicode.com/posts'
2020-12-10 10:03:25,553  INFO [main] SocialNetworkingStepDef:35 - Sent Request for API
2020-12-10 10:03:25,556  INFO [main] RequestResponseSpec:38 - Successfully received status code from API
2020-12-10 10:03:25,556  INFO [main] SocialNetworkingStepDef:42 - The API returned : '200'
2020-12-10 10:03:25,635  INFO [main] SocialNetworkingStepDef:51 - Response received as expected
2020-12-10 10:03:25,638  INFO [main] SocialNetworkingStepDef:68 - Keys are present in response
2020-12-10 10:03:25,642  INFO [main] Utils:25 - Property value is 'https://jsonplaceholder.typicode.com' for 'baseurl'
2020-12-10 10:03:25,643  INFO [main] Utils:25 - Property value is '/posts' for 'post'
2020-12-10 10:03:25,643  INFO [main] SocialNetworkingStepDef:26 - API URL is : 'https://jsonplaceholder.typicode.com/posts'
2020-12-10 10:03:26,335  INFO [main] SocialNetworkingStepDef:35 - Sent Request for API
2020-12-10 10:03:26,341  INFO [main] RequestResponseSpec:38 - Successfully received status code from API
2020-12-10 10:03:26,342  INFO [main] SocialNetworkingStepDef:42 - The API returned : '200'
2020-12-10 10:03:26,348  INFO [main] SocialNetworkingStepDef:51 - Response received as expected
2020-12-10 10:03:26,355  INFO [main] SocialNetworkingStepDef:68 - Keys are present in response
2020-12-10 10:03:26,369  INFO [main] Utils:25 - Property value is 'https://jsonplaceholder.typicode.com' for 'baseurl'
2020-12-10 10:03:26,371  INFO [main] Utils:25 - Property value is '/comments' for 'comments'
2020-12-10 10:03:26,371  INFO [main] SocialNetworkingStepDef:26 - API URL is : 'https://jsonplaceholder.typicode.com/comments'
2020-12-10 10:03:27,045  INFO [main] SocialNetworkingStepDef:35 - Sent Request for API
2020-12-10 10:03:27,049  INFO [main] RequestResponseSpec:38 - Successfully received status code from API
2020-12-10 10:03:27,050  INFO [main] SocialNetworkingStepDef:42 - The API returned : '200'
2020-12-10 10:03:27,053  INFO [main] SocialNetworkingStepDef:51 - Response received as expected
2020-12-10 10:03:27,057  INFO [main] SocialNetworkingStepDef:68 - Keys are present in response
2020-12-10 10:03:27,066  INFO [main] Utils:25 - Property value is 'https://jsonplaceholder.typicode.com' for 'baseurl'
2020-12-10 10:03:27,067  INFO [main] Utils:25 - Property value is '/comments' for 'comments'
2020-12-10 10:03:27,068  INFO [main] SocialNetworkingStepDef:26 - API URL is : 'https://jsonplaceholder.typicode.com/comments'
2020-12-10 10:03:27,721  INFO [main] SocialNetworkingStepDef:35 - Sent Request for API
2020-12-10 10:03:27,726  INFO [main] RequestResponseSpec:38 - Successfully received status code from API
2020-12-10 10:03:27,727  INFO [main] SocialNetworkingStepDef:42 - The API returned : '200'
2020-12-10 10:03:27,733  INFO [main] SocialNetworkingStepDef:51 - Response received as expected
2020-12-10 10:03:27,740  INFO [main] SocialNetworkingStepDef:68 - Keys are present in response
2020-12-10 10:03:27,759  INFO [main] Utils:25 - Property value is 'https://jsonplaceholder.typicode.com' for 'baseurl'
2020-12-10 10:03:27,761  INFO [main] Utils:25 - Property value is '/users' for 'users'
2020-12-10 10:03:27,761  INFO [main] SocialNetworkingStepDef:26 - API URL is : 'https://jsonplaceholder.typicode.com/users'
2020-12-10 10:03:28,362  INFO [main] SocialNetworkingStepDef:35 - Sent Request for API
2020-12-10 10:03:28,366  INFO [main] RequestResponseSpec:38 - Successfully received status code from API
2020-12-10 10:03:28,367  INFO [main] SocialNetworkingStepDef:42 - The API returned : '200'
2020-12-10 10:03:28,372  INFO [main] SocialNetworkingStepDef:51 - Response received as expected
2020-12-10 10:03:28,376  INFO [main] SocialNetworkingStepDef:68 - Keys are present in response
2020-12-10 10:03:28,385  INFO [main] Utils:25 - Property value is 'https://jsonplaceholder.typicode.com' for 'baseurl'
2020-12-10 10:03:28,387  INFO [main] Utils:25 - Property value is '/users' for 'users'
2020-12-10 10:03:28,387  INFO [main] SocialNetworkingStepDef:26 - API URL is : 'https://jsonplaceholder.typicode.com/users'
2020-12-10 10:03:29,033  INFO [main] SocialNetworkingStepDef:35 - Sent Request for API
2020-12-10 10:03:29,037  INFO [main] RequestResponseSpec:38 - Successfully received status code from API
2020-12-10 10:03:29,038  INFO [main] SocialNetworkingStepDef:42 - The API returned : '200'
2020-12-10 10:03:29,041  INFO [main] SocialNetworkingStepDef:51 - Response received as expected
2020-12-10 10:03:29,044  INFO [main] SocialNetworkingStepDef:68 - Keys are present in response
2020-12-10 10:03:29,045  INFO [main] TestRunner:34 - -------------End of Test---------------------------------------------
